0 silly input [ 'tsc' ]
1 silly flags { _: [ 'exec' ], command: 'tsc', args: [] }
2 verbose rootPath /home/tsby/pb/ismo/neon
3 info version 2.2.0
4 silly existsSync /home/tsby/pb/ismo/neon/VERSION
5 silly initialize attempt
6 silly initialize success
7 silly execute attempt
8 error exec Errored while executing 'tsc' in 'neon-lowbar'
9 error execute Error: Command failed: tsc
9 error execute     at Promise.all.then.arr (/usr/lib/node_modules/lerna/node_modules/execa/index.js:236:11)
9 error execute     at <anonymous>
9 error execute     at process._tickCallback (internal/process/next_tick.js:188:7)
9 error execute  callback with error
9 error execute  { Error: Command failed: tsc
9 error execute     at Promise.all.then.arr (/usr/lib/node_modules/lerna/node_modules/execa/index.js:236:11)
9 error execute     at <anonymous>
9 error execute     at process._tickCallback (internal/process/next_tick.js:188:7)
9 error execute   stack: 'Error: Command failed: tsc\n    at Promise.all.then.arr (/usr/lib/node_modules/lerna/node_modules/execa/index.js:236:11)\n    at <anonymous>\n    at process._tickCallback (internal/process/next_tick.js:188:7)',
9 error execute   code: 2,
9 error execute   killed: false,
9 error execute   stdout: null,
9 error execute   stderr: null,
9 error execute   failed: true,
9 error execute   signal: null,
9 error execute   cmd: 'tsc',
9 error execute   timedOut: false }
